2023-11-18 14:48:34,191 [INFO] Activator:176 - 


2023-11-18 14:48:34,194 [INFO] Activator:177 - !SESSION log4j initialized
2023-11-18 14:48:36,608 [INFO] LogOutputStream:77 - [STDOUT_REDIRECT] 
2023-11-18 14:48:38,931 [INFO] ApplicationProperties:184 - Using Application install path: E:\Proteus\STM32CubeIDE_1.13.2\STM32CubeIDE\plugins\com.st.stm32cube.common.mx_6.9.2.202309101412
2023-11-18 14:48:38,947 [INFO] DbMcusXml:78 - Set database path to: E:\Proteus\STM32CubeIDE_1.13.2\STM32CubeIDE\plugins\com.st.stm32cube.common.mx_6.9.2.202309101412\\db\/mcu/
2023-11-18 14:48:38,948 [INFO] ApiDb:274 - Set plugin database path to: E:\Proteus\STM32CubeIDE_1.13.2\STM32CubeIDE\plugins\com.st.stm32cube.common.mx_6.9.2.202309101412\\db\/plugins/boardmanager/
2023-11-18 14:48:38,948 [WARN] ApiDb:259 - Overriding images path with different value:  => E:\Proteus\STM32CubeIDE_1.13.2\STM32CubeIDE\plugins\com.st.stm32cube.common.mx_6.9.2.202309101412\\db\/plugins/mcufinder/images/
2023-11-18 14:48:38,956 [INFO] ApiDb:250 - Set database path to: C:\Users\vladi\.stmcufinder\plugins\mcufinder//mcu/
2023-11-18 14:48:38,957 [INFO] DbMcusAds:125 - Set database path to: C:\Users\vladi\.stmcufinder\plugins\mcufinder//mcu/
2023-11-18 14:48:38,959 [INFO] CrossReferenceDbSqlite:203 - Set database path to: C:\Users\vladi\.stmcufinder\plugins\mcufinder//mcu/cs/
2023-11-18 14:48:39,075 [INFO] RulesReader:64 - Compatibility file has been processed (293 Rules)
2023-11-18 14:48:39,163 [INFO] DbMcusXml:78 - Set database path to: E:\Proteus\STM32CubeIDE_1.13.2\STM32CubeIDE\plugins\com.st.stm32cube.common.mx_6.9.2.202309101412\\db\/mcu/
2023-11-18 14:48:39,164 [INFO] ApiDb:274 - Set plugin database path to: E:\Proteus\STM32CubeIDE_1.13.2\STM32CubeIDE\plugins\com.st.stm32cube.common.mx_6.9.2.202309101412\\db\/plugins/boardmanager/
2023-11-18 14:48:39,164 [INFO] ApiDb:261 - Set plugin images path to: E:\Proteus\STM32CubeIDE_1.13.2\STM32CubeIDE\plugins\com.st.stm32cube.common.mx_6.9.2.202309101412\\db\/plugins/mcufinder/images/
2023-11-18 14:48:39,164 [WARN] DbFile:41 - Overriding database path with different value: C:\Users\vladi\.stmcufinder\plugins\mcufinder/ => C:\Users\vladi\.stmcufinder\plugins\mcufinder
2023-11-18 14:48:39,164 [INFO] ApiDb:250 - Set database path to: C:\Users\vladi\.stmcufinder\plugins\mcufinder//mcu/
2023-11-18 14:48:39,164 [WARN] DbFile:41 - Overriding database path with different value: C:\Users\vladi\.stmcufinder\plugins\mcufinder/ => C:\Users\vladi\.stmcufinder\plugins\mcufinder
2023-11-18 14:48:39,164 [INFO] DbMcusAds:125 - Set database path to: C:\Users\vladi\.stmcufinder\plugins\mcufinder//mcu/
2023-11-18 14:48:39,164 [WARN] DbFile:41 - Overriding database path with different value: C:\Users\vladi\.stmcufinder\plugins\mcufinder/ => C:\Users\vladi\.stmcufinder\plugins\mcufinder
2023-11-18 14:48:39,164 [WARN] DbFile:41 - Overriding database path with different value: C:\Users\vladi\.stmcufinder\plugins\mcufinder/ => C:\Users\vladi\.stmcufinder\plugins\mcufinder
2023-11-18 14:48:39,164 [INFO] CrossReferenceDbSqlite:203 - Set database path to: C:\Users\vladi\.stmcufinder\plugins\mcufinder//mcu/cs/
2023-11-18 14:48:39,234 [INFO] MainPanel:262 - HeapMemory: 268435456
2023-11-18 14:48:39,302 [INFO] DbMcusXml:78 - Set database path to: E:\Proteus\STM32CubeIDE_1.13.2\STM32CubeIDE\plugins\com.st.stm32cube.common.mx_6.9.2.202309101412\\db\/mcu/
2023-11-18 14:48:39,302 [INFO] ApiDb:274 - Set plugin database path to: E:\Proteus\STM32CubeIDE_1.13.2\STM32CubeIDE\plugins\com.st.stm32cube.common.mx_6.9.2.202309101412\\db\/plugins/boardmanager/
2023-11-18 14:48:39,302 [INFO] ApiDb:261 - Set plugin images path to: E:\Proteus\STM32CubeIDE_1.13.2\STM32CubeIDE\plugins\com.st.stm32cube.common.mx_6.9.2.202309101412\\db\/plugins/mcufinder/images/
2023-11-18 14:48:39,302 [WARN] DbFile:41 - Overriding database path with different value: C:\Users\vladi\.stmcufinder\plugins\mcufinder/ => C:\Users\vladi\.stmcufinder\plugins\mcufinder
2023-11-18 14:48:39,302 [INFO] ApiDb:250 - Set database path to: C:\Users\vladi\.stmcufinder\plugins\mcufinder//mcu/
2023-11-18 14:48:39,302 [WARN] DbFile:41 - Overriding database path with different value: C:\Users\vladi\.stmcufinder\plugins\mcufinder/ => C:\Users\vladi\.stmcufinder\plugins\mcufinder
2023-11-18 14:48:39,302 [INFO] DbMcusAds:125 - Set database path to: C:\Users\vladi\.stmcufinder\plugins\mcufinder//mcu/
2023-11-18 14:48:39,303 [WARN] DbFile:41 - Overriding database path with different value: C:\Users\vladi\.stmcufinder\plugins\mcufinder/ => C:\Users\vladi\.stmcufinder\plugins\mcufinder
2023-11-18 14:48:39,303 [WARN] DbFile:41 - Overriding database path with different value: C:\Users\vladi\.stmcufinder\plugins\mcufinder/ => C:\Users\vladi\.stmcufinder\plugins\mcufinder
2023-11-18 14:48:39,303 [INFO] CrossReferenceDbSqlite:203 - Set database path to: C:\Users\vladi\.stmcufinder\plugins\mcufinder//mcu/cs/
2023-11-18 14:48:39,320 [INFO] ApplicationProperties:184 - Using Application install path: E:\Proteus\STM32CubeIDE_1.13.2\STM32CubeIDE\plugins\com.st.stm32cube.common.mx_6.9.2.202309101412
2023-11-18 14:48:39,321 [INFO] PluginManage:196 - Search for loadable plugins [exclusion list=, ]
2023-11-18 14:48:39,322 [INFO] PluginManage:310 - Check plugin analytics
2023-11-18 14:48:39,477 [INFO] AnalyticsPlugin:253 - Accepted Software Licenses: 
2023-11-18 14:48:39,477 [INFO] AnalyticsPlugin:255 - Accepted CMSIS Pack Licenses: 
2023-11-18 14:48:39,478 [INFO] AnalyticsPlugin:257 - Accepted Firmware Licenses: 
2023-11-18 14:48:39,480 [INFO] PluginManage:359 - Loaded plugin analytics (category:tool,tabindex:-1)
2023-11-18 14:48:39,480 [INFO] PluginManage:310 - Check plugin cadmodel
2023-11-18 14:48:39,485 [INFO] CADModel:105 - Init CAD model plugin
2023-11-18 14:48:39,485 [INFO] PluginManage:359 - Loaded plugin cadmodel (category:power,tabindex:5)
2023-11-18 14:48:39,485 [INFO] PluginManage:310 - Check plugin clock
2023-11-18 14:48:39,494 [INFO] PluginManage:359 - Loaded plugin clock (category:base,tabindex:2)
2023-11-18 14:48:39,494 [INFO] PluginManage:310 - Check plugin ddr
2023-11-18 14:48:39,496 [INFO] PluginManage:359 - Loaded plugin ddr (category:tool,tabindex:6)
2023-11-18 14:48:39,496 [INFO] PluginManage:310 - Check plugin filemanager
2023-11-18 14:48:39,727 [INFO] PluginManage:359 - Loaded plugin filemanager (category:base,tabindex:10)
2023-11-18 14:48:39,728 [INFO] PluginManage:310 - Check plugin ipmanager
2023-11-18 14:48:39,734 [INFO] PluginManage:359 - Loaded plugin ipmanager (category:base,tabindex:5)
2023-11-18 14:48:39,735 [INFO] PluginManage:310 - Check plugin lpbam
2023-11-18 14:48:39,742 [INFO] PluginManage:359 - Loaded plugin lpbam (category:base,tabindex:0)
2023-11-18 14:48:39,742 [INFO] PluginManage:310 - Check plugin memorymap
2023-11-18 14:48:39,752 [INFO] PluginManage:359 - Loaded plugin memorymap (category:base,tabindex:4)
2023-11-18 14:48:39,753 [INFO] PluginManage:310 - Check plugin pinoutandconfiguration
2023-11-18 14:48:39,759 [INFO] PluginManage:359 - Loaded plugin pinoutandconfiguration (category:base,tabindex:1)
2023-11-18 14:48:39,759 [INFO] PluginManage:310 - Check plugin pinoutconfig
2023-11-18 14:48:39,858 [WARN] SupportedApi:132 - Cannot load RTOS API schema: s4s-elt-must-match.1: The content of 'definitions' must match (annotation?, (simpleType | complexType)?, (unique | key | keyref)*)). A problem was found starting at: attribute.
2023-11-18 14:48:39,985 [INFO] PluginManage:359 - Loaded plugin pinoutconfig (category:base,tabindex:0)
2023-11-18 14:48:39,985 [INFO] PluginManage:310 - Check plugin power
2023-11-18 14:48:39,995 [INFO] PluginManage:359 - Loaded plugin power (category:power,tabindex:4)
2023-11-18 14:48:39,995 [INFO] PluginManage:310 - Check plugin projectmanager
2023-11-18 14:48:40,007 [INFO] PluginManage:359 - Loaded plugin projectmanager (category:projectmanager,tabindex:3)
2023-11-18 14:48:40,007 [INFO] PluginManage:310 - Check plugin thirdparty
2023-11-18 14:48:40,126 [INFO] PluginManage:359 - Loaded plugin thirdparty (category:base,tabindex:-1)
2023-11-18 14:48:40,127 [INFO] PluginManage:310 - Check plugin tools
2023-11-18 14:48:40,127 [WARN] IntegrityCheckThread:84 - waiting for thirdparty lock release [integrity check]
2023-11-18 14:48:40,127 [INFO] IntegrityCheckThread:86 - entering critical section [integrity check]
2023-11-18 14:48:40,127 [INFO] ThirdPartyUpdaterWithRetryManager:70 - Updater plugin not ready yet. [1/15]
2023-11-18 14:48:40,129 [INFO] PluginManage:359 - Loaded plugin tools (category:base,tabindex:7)
2023-11-18 14:48:40,129 [INFO] PluginManage:310 - Check plugin tutovideos
2023-11-18 14:48:40,309 [INFO] PluginManage:359 - Loaded plugin tutovideos (category:base,tabindex:-1)
2023-11-18 14:48:40,310 [INFO] PluginManage:310 - Check plugin updater
2023-11-18 14:48:40,320 [INFO] PluginManage:359 - Loaded plugin updater (category:base,tabindex:12)
2023-11-18 14:48:40,321 [INFO] PluginManage:310 - Check plugin userauth
2023-11-18 14:48:40,326 [INFO] UserAuth:113 - Init User Auth plugin
2023-11-18 14:48:40,326 [INFO] PluginManage:359 - Loaded plugin userauth (category:base,tabindex:14)
2023-11-18 14:48:40,327 [INFO] PluginManage:283 - PluginManage : Loaded plugins [17]
2023-11-18 14:48:40,546 [INFO] PinOutPanel:1499 - setPackage(No Configuration,No Configuration)
2023-11-18 14:48:40,671 [INFO] CADModel:165 - CPN selected for project level
2023-11-18 14:48:40,671 [INFO] CADModel:114 - Register for checkConnection events
2023-11-18 14:48:40,688 [INFO] IPUIPlugin:80 - create IPUIPlugin
2023-11-18 14:48:40,688 [INFO] PluginManager:220 - loadIPPluginJar : add adc
2023-11-18 14:48:40,690 [INFO] IPUIPlugin:80 - create IPUIPlugin
2023-11-18 14:48:40,691 [INFO] PluginManager:220 - loadIPPluginJar : add aes
2023-11-18 14:48:40,693 [INFO] IPUIPlugin:80 - create IPUIPlugin
2023-11-18 14:48:40,693 [INFO] PluginManager:220 - loadIPPluginJar : add can
2023-11-18 14:48:40,695 [INFO] IPUIPlugin:80 - create IPUIPlugin
2023-11-18 14:48:40,695 [INFO] PluginManager:220 - loadIPPluginJar : add comp
2023-11-18 14:48:40,698 [INFO] IPUIPlugin:80 - create IPUIPlugin
2023-11-18 14:48:40,698 [INFO] PluginManager:220 - loadIPPluginJar : add cryp
2023-11-18 14:48:40,699 [INFO] IPUIPlugin:80 - create IPUIPlugin
2023-11-18 14:48:40,699 [INFO] PluginManager:220 - loadIPPluginJar : add dfsdm
2023-11-18 14:48:40,704 [INFO] IPUIPlugin:80 - create IPUIPlugin
2023-11-18 14:48:40,704 [INFO] PluginManager:220 - loadIPPluginJar : add dma
2023-11-18 14:48:40,706 [INFO] IPUIPlugin:80 - create IPUIPlugin
2023-11-18 14:48:40,706 [INFO] PluginManager:220 - loadIPPluginJar : add dma3
2023-11-18 14:48:40,708 [INFO] IPUIPlugin:80 - create IPUIPlugin
2023-11-18 14:48:40,708 [INFO] PluginManager:220 - loadIPPluginJar : add fatfs
2023-11-18 14:48:40,713 [INFO] IPUIPlugin:80 - create IPUIPlugin
2023-11-18 14:48:40,713 [INFO] PluginManager:220 - loadIPPluginJar : add fmc
2023-11-18 14:48:40,717 [INFO] IPUIPlugin:80 - create IPUIPlugin
2023-11-18 14:48:40,717 [INFO] PluginManager:220 - loadIPPluginJar : add freertos
2023-11-18 14:48:40,719 [INFO] IPUIPlugin:80 - create IPUIPlugin
2023-11-18 14:48:40,719 [INFO] PluginManager:220 - loadIPPluginJar : add genericplugin
2023-11-18 14:48:40,721 [INFO] IPUIPlugin:80 - create IPUIPlugin
2023-11-18 14:48:40,721 [INFO] PluginManager:220 - loadIPPluginJar : add gfxmmu
2023-11-18 14:48:40,726 [INFO] IPUIPlugin:80 - create IPUIPlugin
2023-11-18 14:48:40,726 [INFO] PluginManager:220 - loadIPPluginJar : add gic
2023-11-18 14:48:40,730 [INFO] IPUIPlugin:80 - create IPUIPlugin
2023-11-18 14:48:40,730 [INFO] PluginManager:220 - loadIPPluginJar : add gpio
2023-11-18 14:48:40,731 [INFO] IPUIPlugin:80 - create IPUIPlugin
2023-11-18 14:48:40,732 [INFO] PluginManager:220 - loadIPPluginJar : add gtzc
2023-11-18 14:48:40,735 [INFO] IPUIPlugin:80 - create IPUIPlugin
2023-11-18 14:48:40,735 [INFO] PluginManager:220 - loadIPPluginJar : add hash
2023-11-18 14:48:40,738 [INFO] IPUIPlugin:80 - create IPUIPlugin
2023-11-18 14:48:40,738 [INFO] PluginManager:220 - loadIPPluginJar : add i2c
2023-11-18 14:48:40,740 [INFO] IPUIPlugin:80 - create IPUIPlugin
2023-11-18 14:48:40,740 [INFO] PluginManager:220 - loadIPPluginJar : add i2s
2023-11-18 14:48:40,742 [INFO] IPUIPlugin:80 - create IPUIPlugin
2023-11-18 14:48:40,742 [INFO] PluginManager:220 - loadIPPluginJar : add i3c
2023-11-18 14:48:40,745 [INFO] IPUIPlugin:80 - create IPUIPlugin
2023-11-18 14:48:40,745 [INFO] PluginManager:220 - loadIPPluginJar : add ipddr
2023-11-18 14:48:40,753 [INFO] IPUIPlugin:80 - create IPUIPlugin
2023-11-18 14:48:40,753 [INFO] PluginManager:220 - loadIPPluginJar : add linkedlist
2023-11-18 14:48:40,755 [INFO] IPUIPlugin:80 - create IPUIPlugin
2023-11-18 14:48:40,756 [INFO] PluginManager:220 - loadIPPluginJar : add lorawan
2023-11-18 14:48:40,757 [INFO] IPUIPlugin:80 - create IPUIPlugin
2023-11-18 14:48:40,757 [INFO] PluginManager:220 - loadIPPluginJar : add ltdc
2023-11-18 14:48:40,762 [INFO] IPUIPlugin:80 - create IPUIPlugin
2023-11-18 14:48:40,762 [INFO] PluginManager:220 - loadIPPluginJar : add mdma
2023-11-18 14:48:40,766 [INFO] IPUIPlugin:80 - create IPUIPlugin
2023-11-18 14:48:40,766 [INFO] PluginManager:220 - loadIPPluginJar : add nvic
2023-11-18 14:48:40,769 [INFO] IPUIPlugin:80 - create IPUIPlugin
2023-11-18 14:48:40,769 [INFO] PluginManager:220 - loadIPPluginJar : add opamp
2023-11-18 14:48:40,771 [INFO] IPUIPlugin:80 - create IPUIPlugin
2023-11-18 14:48:40,771 [INFO] PluginManager:220 - loadIPPluginJar : add openamp
2023-11-18 14:48:40,773 [INFO] IPUIPlugin:80 - create IPUIPlugin
2023-11-18 14:48:40,773 [INFO] PluginManager:220 - loadIPPluginJar : add pdm2pcm
2023-11-18 14:48:40,780 [INFO] IPUIPlugin:80 - create IPUIPlugin
2023-11-18 14:48:40,782 [INFO] PluginManager:220 - loadIPPluginJar : add plateformsettings
2023-11-18 14:48:40,783 [INFO] IPUIPlugin:80 - create IPUIPlugin
2023-11-18 14:48:40,784 [INFO] PluginManager:220 - loadIPPluginJar : add quadspi
2023-11-18 14:48:40,787 [INFO] IPUIPlugin:80 - create IPUIPlugin
2023-11-18 14:48:40,787 [INFO] PluginManager:220 - loadIPPluginJar : add resmgrutility
2023-11-18 14:48:40,791 [INFO] IPUIPlugin:80 - create IPUIPlugin
2023-11-18 14:48:40,791 [INFO] PluginManager:220 - loadIPPluginJar : add sai
2023-11-18 14:48:40,793 [INFO] IPUIPlugin:80 - create IPUIPlugin
2023-11-18 14:48:40,794 [INFO] PluginManager:220 - loadIPPluginJar : add spi
2023-11-18 14:48:40,797 [INFO] IPUIPlugin:80 - create IPUIPlugin
2023-11-18 14:48:40,797 [INFO] PluginManager:220 - loadIPPluginJar : add stm32_wpan
2023-11-18 14:48:40,799 [INFO] IPUIPlugin:80 - create IPUIPlugin
2023-11-18 14:48:40,799 [INFO] PluginManager:220 - loadIPPluginJar : add tim
2023-11-18 14:48:40,801 [INFO] IPUIPlugin:80 - create IPUIPlugin
2023-11-18 14:48:40,801 [INFO] PluginManager:220 - loadIPPluginJar : add touchsensing
2023-11-18 14:48:40,804 [INFO] IPUIPlugin:80 - create IPUIPlugin
2023-11-18 14:48:40,804 [INFO] PluginManager:220 - loadIPPluginJar : add tracer_emb
2023-11-18 14:48:40,806 [INFO] IPUIPlugin:80 - create IPUIPlugin
2023-11-18 14:48:40,806 [INFO] PluginManager:220 - loadIPPluginJar : add ts
2023-11-18 14:48:40,807 [INFO] IPUIPlugin:80 - create IPUIPlugin
2023-11-18 14:48:40,807 [INFO] PluginManager:220 - loadIPPluginJar : add tsc
2023-11-18 14:48:40,809 [INFO] IPUIPlugin:80 - create IPUIPlugin
2023-11-18 14:48:40,809 [INFO] PluginManager:220 - loadIPPluginJar : add ucpd
2023-11-18 14:48:40,811 [INFO] IPUIPlugin:80 - create IPUIPlugin
2023-11-18 14:48:40,811 [INFO] PluginManager:220 - loadIPPluginJar : add usart
2023-11-18 14:48:40,813 [INFO] IPUIPlugin:80 - create IPUIPlugin
2023-11-18 14:48:40,813 [INFO] PluginManager:220 - loadIPPluginJar : add usbx
2023-11-18 14:48:40,952 [INFO] CADModel:165 - CPN selected for project level
2023-11-18 14:48:40,952 [INFO] CADModel:114 - Register for checkConnection events
2023-11-18 14:48:40,952 [FATAL] Updater:308 - Updater called before beeing initialized
2023-11-18 14:48:40,952 [ERROR] CADModel:125 - Updater not yet initialized, retry later 
2023-11-18 14:48:41,099 [INFO] CADModel:165 - CPN selected for project level
2023-11-18 14:48:41,100 [INFO] CADModel:114 - Register for checkConnection events
2023-11-18 14:48:41,100 [FATAL] Updater:308 - Updater called before beeing initialized
2023-11-18 14:48:41,100 [ERROR] CADModel:125 - Updater not yet initialized, retry later 
2023-11-18 14:48:41,103 [FATAL] Updater:308 - Updater called before beeing initialized
2023-11-18 14:48:41,214 [FATAL] Updater:308 - Updater called before beeing initialized
2023-11-18 14:48:41,221 [INFO] DbMcusAds:53 - JSON generation date=Tue Mar 07 09:50:55 CET 2023 (1678179055335)
2023-11-18 14:48:41,221 [FATAL] Updater:308 - Updater called before beeing initialized
2023-11-18 14:48:41,260 [WARN] DetailPanel:346 - Failed to get advertising image, set to default
2023-11-18 14:48:41,370 [FATAL] Updater:308 - Updater called before beeing initialized
2023-11-18 14:48:41,371 [FATAL] Updater:308 - Updater called before beeing initialized
2023-11-18 14:48:41,372 [FATAL] Updater:308 - Updater called before beeing initialized
2023-11-18 14:48:41,372 [WARN] DetailPanel:346 - Failed to get advertising image, set to default
2023-11-18 14:48:41,372 [FATAL] Updater:308 - Updater called before beeing initialized
2023-11-18 14:48:41,421 [ERROR] Updater:1120 - MainUpdater not yet initialized. External WinMGr cannot be set.
2023-11-18 14:48:41,423 [INFO] Updater:1056 - Updater Version found : 6.9.2
2023-11-18 14:48:41,443 [INFO] ApplicationProperties:184 - Using Application install path: E:\Proteus\STM32CubeIDE_1.13.2\STM32CubeIDE\plugins\com.st.stm32cube.common.mx_6.9.2.202309101412
2023-11-18 14:48:41,553 [INFO] MainUpdater:2868 - connection check result : 10
2023-11-18 14:48:41,554 [INFO] MainUpdater:285 - Updater Check For Update Now.
2023-11-18 14:48:41,554 [INFO] MicroXplorer:498 - Change Database Version : DB.6.0.92
2023-11-18 14:48:41,560 [INFO] McuFinderGlobals:63 - Set McuFinder mode to 2 (CubeIDE integrated)
2023-11-18 14:48:41,561 [INFO] UserAuth:179 - activating auth plugin
2023-11-18 14:48:41,565 [INFO] UserAuth:393 - Internet connection configuration mode: 1
2023-11-18 14:48:41,580 [INFO] JxBrowserEngine:151 - Initiate JxBrowser Engine with user profile folder
2023-11-18 14:48:41,762 [INFO] CheckServerUpdateThread:120 - End of CheckServer Thread
2023-11-18 14:48:42,295 [INFO] WebApp:157 - Instantiating new browser for Auth
2023-11-18 14:48:42,831 [INFO] WebApp:753 - Register for checkConnection events
2023-11-18 14:48:42,831 [INFO] WebApp:390 - Apply proxy settings
2023-11-18 14:48:42,831 [INFO] WebApp:475 - Chromium requires no authentication
2023-11-18 14:48:42,838 [INFO] WebApp:418 - Direct internet connection detected
2023-11-18 14:48:42,987 [INFO] WebApp:188 - Starting web application
2023-11-18 14:48:42,987 [INFO] WebApp:520 - Web application path used E:\Proteus\STM32CubeIDE_1.13.2\STM32CubeIDE\plugins\com.st.stm32cube.common.mx_6.9.2.202309101412\db\plugins\mcufinder\reactClient1\index.html
2023-11-18 14:48:43,343 [WARN] PackLoader:240 - Cannot read IP mode file for STMicroelectronics.X-CUBE-SMBUS.2.1.0
2023-11-18 14:48:43,385 [WARN] PackLoader:240 - Cannot read IP mode file for STMicroelectronics.X-CUBE-AZRTOS-F7.1.1.0
2023-11-18 14:48:43,401 [WARN] PackLoader:240 - Cannot read IP mode file for STMicroelectronics.FP-SNS-MOTENV1.4.3.2
2023-11-18 14:48:43,412 [WARN] PackLoader:240 - Cannot read IP mode file for STMicroelectronics.FP-SNS-FLIGHT1.5.0.2
2023-11-18 14:48:43,424 [WARN] PackLoader:240 - Cannot read IP mode file for STMicroelectronics.X-CUBE-DISPLAY.3.0.0
2023-11-18 14:48:43,442 [WARN] PackLoader:240 - Cannot read IP mode file for STMicroelectronics.X-CUBE-BLE1.7.0.0
2023-11-18 14:48:43,451 [WARN] PackLoader:240 - Cannot read IP mode file for emotas.I-CUBE-CANOPEN.1.3.0
2023-11-18 14:48:43,459 [WARN] PackLoader:240 - Cannot read IP mode file for STMicroelectronics.X-CUBE-TOUCHGFX.4.22.1
2023-11-18 14:48:43,464 [WARN] PackLoader:240 - Cannot read IP mode file for STMicroelectronics.FP-SNS-SMARTAG2.1.2.0
2023-11-18 14:48:43,479 [INFO] LogOutputStream:77 - [STDOUT_REDIRECT] 1 : Invalid condition id : UX_CORESTACK_Condition cause : null
2023-11-18 14:48:43,480 [INFO] LogOutputStream:77 - [STDOUT_REDIRECT] 1 : Invalid condition id : UX_CORESTACK_Condition cause : null
2023-11-18 14:48:43,481 [INFO] LogOutputStream:77 - [STDOUT_REDIRECT] 1 : Invalid condition id : UX_CORESTACK_Condition cause : null
2023-11-18 14:48:43,483 [INFO] LogOutputStream:77 - [STDOUT_REDIRECT] 1 : Invalid condition id : UX_CORESTACK_Condition cause : null
2023-11-18 14:48:43,485 [INFO] LogOutputStream:77 - [STDOUT_REDIRECT] 1 : Invalid condition id : UX_CORESTACK_Condition cause : null
2023-11-18 14:48:43,492 [WARN] PackLoader:240 - Cannot read IP mode file for STMicroelectronics.X-CUBE-AZRTOS-WL.2.0.0
2023-11-18 14:48:43,506 [WARN] PackLoader:240 - Cannot read IP mode file for WES.I-CUBE-Cesium.1.3.0
2023-11-18 14:48:43,513 [WARN] PackLoader:240 - Cannot read IP mode file for STMicroelectronics.X-CUBE-BLE2.3.3.0
2023-11-18 14:48:43,524 [WARN] PackLoader:240 - Cannot read IP mode file for STMicroelectronics.X-CUBE-ALGOBUILD.1.3.0
2023-11-18 14:48:43,558 [WARN] PackLoader:240 - Cannot read IP mode file for STMicroelectronics.X-CUBE-AZRTOS-G0.1.1.0
2023-11-18 14:48:43,575 [WARN] PackLoader:240 - Cannot read IP mode file for STMicroelectronics.X-CUBE-NFC4.3.0.0
2023-11-18 14:48:43,594 [WARN] PackLoader:240 - Cannot read IP mode file for STMicroelectronics.X-CUBE-BLEMGR.3.0.0
2023-11-18 14:48:43,620 [WARN] PackLoader:240 - Cannot read IP mode file for STMicroelectronics.FP-ATR-SIGFOX1.3.2.0
2023-11-18 14:48:43,630 [WARN] PackLoader:240 - Cannot read IP mode file for STMicroelectronics.X-CUBE-GNSS1.6.0.0
2023-11-18 14:48:43,674 [WARN] PackLoader:240 - Cannot read IP mode file for STMicroelectronics.X-CUBE-AZRTOS-F4.1.1.0
2023-11-18 14:48:43,682 [WARN] PackLoader:240 - Cannot read IP mode file for wolfSSL.I-CUBE-wolfSSL.5.6.4
2023-11-18 14:48:43,706 [WARN] PackLoader:240 - Cannot read IP mode file for STMicroelectronics.X-CUBE-AZRTOS-L5.2.0.0
2023-11-18 14:48:43,715 [WARN] PackLoader:240 - Cannot read IP mode file for STMicroelectronics.X-CUBE-EEPRMA1.4.2.0
2023-11-18 14:48:43,724 [WARN] PackLoader:240 - Cannot read IP mode file for ITTIA_DB.I-CUBE-ITTIADB.8.8.0
2023-11-18 14:48:43,745 [WARN] ConditionMgr:438 - getConditionDescription Invalid condition id : UX DEVICE CLASS RTOS Condition cause : null
2023-11-18 14:48:43,745 [WARN] ConditionMgr:438 - getConditionDescription Invalid condition id : UX DEVICE CLASS RTOS Condition cause : null
2023-11-18 14:48:43,750 [WARN] PackLoader:240 - Cannot read IP mode file for STMicroelectronics.X-CUBE-AZRTOS-H7.3.1.0
2023-11-18 14:48:43,751 [WARN] ConditionMgr:1039 - genDependencies : Invalid condition id : UX DEVICE CLASS RTOS Condition cause : null
2023-11-18 14:48:43,751 [WARN] ConditionMgr:1039 - genDependencies : Invalid condition id : UX DEVICE CLASS RTOS Condition cause : null
2023-11-18 14:48:43,752 [WARN] ConditionMgr:1039 - genDependencies : Invalid condition id : UX DEVICE CLASS RTOS Condition cause : null
2023-11-18 14:48:43,752 [WARN] ConditionMgr:1039 - genDependencies : Invalid condition id : UX DEVICE CLASS RTOS Condition cause : null
2023-11-18 14:48:43,752 [WARN] ConditionMgr:1039 - genDependencies : Invalid condition id : UX DEVICE CLASS RTOS Condition cause : null
2023-11-18 14:48:43,759 [WARN] PackLoader:240 - Cannot read IP mode file for STMicroelectronics.X-CUBE-NFC7.1.0.1
2023-11-18 14:48:43,768 [WARN] PackLoader:240 - Cannot read IP mode file for STMicroelectronics.X-CUBE-NFC6.3.0.0
2023-11-18 14:48:43,773 [WARN] PackLoader:240 - Cannot read IP mode file for STMicroelectronics.X-CUBE-AI.8.1.0
2023-11-18 14:48:43,790 [WARN] ConditionMgr:438 - getConditionDescription Invalid condition id : LAN8742 Phy interface Condition cause : null
2023-11-18 14:48:43,791 [WARN] PackLoader:240 - Cannot read IP mode file for STMicroelectronics.X-CUBE-AZRTOS-L4.2.0.0
2023-11-18 14:48:43,791 [WARN] ConditionMgr:1039 - genDependencies : Invalid condition id : LAN8742 Phy interface Condition cause : null
2023-11-18 14:48:43,792 [WARN] ConditionMgr:1039 - genDependencies : Invalid condition id : LAN8742 Phy interface Condition cause : null
2023-11-18 14:48:43,792 [WARN] ConditionMgr:1039 - genDependencies : Invalid condition id : LAN8742 Phy interface Condition cause : null
2023-11-18 14:48:43,800 [WARN] PackLoader:240 - Cannot read IP mode file for STMicroelectronics.X-CUBE-SFXS2LP1.4.0.0
2023-11-18 14:48:43,805 [WARN] PackLoader:240 - Cannot read IP mode file for STMicroelectronics.X-CUBE-ISPU.1.1.0
2023-11-18 14:48:43,817 [WARN] ConditionMgr:438 - getConditionDescription Invalid condition id : UX DEVICE CLASS RTOS Condition cause : null
2023-11-18 14:48:43,818 [WARN] ConditionMgr:438 - getConditionDescription Invalid condition id : UX DEVICE CLASS RTOS Condition cause : null
2023-11-18 14:48:43,820 [WARN] PackLoader:240 - Cannot read IP mode file for STMicroelectronics.X-CUBE-AZRTOS-WB.2.0.0
2023-11-18 14:48:43,820 [WARN] ConditionMgr:1039 - genDependencies : Invalid condition id : UX DEVICE CLASS RTOS Condition cause : null
2023-11-18 14:48:43,820 [WARN] ConditionMgr:1039 - genDependencies : Invalid condition id : UX DEVICE CLASS RTOS Condition cause : null
2023-11-18 14:48:43,821 [WARN] ConditionMgr:1039 - genDependencies : Invalid condition id : UX DEVICE CLASS RTOS Condition cause : null
2023-11-18 14:48:43,821 [WARN] ConditionMgr:1039 - genDependencies : Invalid condition id : UX DEVICE CLASS RTOS Condition cause : null
2023-11-18 14:48:43,821 [WARN] ConditionMgr:1039 - genDependencies : Invalid condition id : UX DEVICE CLASS RTOS Condition cause : null
2023-11-18 14:48:43,832 [WARN] PackLoader:240 - Cannot read IP mode file for STMicroelectronics.X-CUBE-SUBG2.5.0.0
2023-11-18 14:48:43,846 [WARN] PackLoader:240 - Cannot read IP mode file for STMicroelectronics.X-CUBE-TOF1.3.3.1
2023-11-18 14:48:43,875 [WARN] PackLoader:240 - Cannot read IP mode file for STMicroelectronics.X-CUBE-AZRTOS-G4.2.0.0
2023-11-18 14:48:43,894 [WARN] PackLoader:240 - Cannot read IP mode file for Infineon.AIROC-Wi-Fi-Bluetooth-STM32.1.5.1
2023-11-18 14:48:43,901 [WARN] PackLoader:240 - Cannot read IP mode file for STMicroelectronics.FP-SNS-MOTENVWB1.1.3.0
2023-11-18 14:48:43,935 [WARN] PackLoader:240 - Cannot read IP mode file for STMicroelectronics.X-CUBE-MEMS1.10.0.0
2023-11-18 14:48:44,055 [WARN] PackLoader:240 - Cannot read IP mode file for STMicroelectronics.X-CUBE-FREERTOS.1.1.0
2023-11-18 14:48:44,060 [WARN] PackLoader:240 - Cannot read IP mode file for portGmbH.I-Cube-SoM-uGOAL.1.1.0
2023-11-18 14:48:44,063 [WARN] PackLoader:240 - Cannot read IP mode file for STMicroelectronics.X-CUBE-ALS.1.0.1
2023-11-18 14:48:44,066 [WARN] PackLoader:240 - Cannot read IP mode file for STMicroelectronics.FP-ATR-ASTRA1.2.0.0
2023-11-18 14:48:44,067 [INFO] ThirdParty:978 - Integrity check success = true
2023-11-18 14:48:44,067 [INFO] IntegrityCheckThread:100 - exiting critical section [integrity check]
2023-11-18 14:48:44,067 [INFO] IntegrityCheckThread:103 - End integrity checks thread
2023-11-18 14:48:49,843 [INFO] McuFinderGlobals:63 - Set McuFinder mode to 2 (CubeIDE integrated)
2023-11-18 14:48:49,845 [INFO] MainUpdater:2868 - connection check result : 10
2023-11-18 14:48:50,181 [INFO] ApiDb:581 - Connected to CubeFinder SQLite database (C:\Users\vladi\.stmcufinder\plugins\mcufinder\mcu\cube-finder-db.db)
2023-11-18 14:48:50,253 [INFO] ApiDb:668 - CubeFinder database Data Model version=2.1
2023-11-18 14:48:50,253 [INFO] ApiDb:669 - CubeFinder database Configuration version=3.0.37
2023-11-18 14:48:50,253 [INFO] ApiDb:670 - CubeFinder database generation date=2023-10-13 (1697197505)
2023-11-18 14:48:50,253 [INFO] ApiDb:671 - CubeFinder database FW Pack versions=[FP-ATR-ASTRA1_V2.0.0, FP-SNS-FLIGHT1_V5.0.1, FP-SNS-FLIGHT1_V5.0.2, FP-SNS-MOTENV1_V4.3.1, FP-SNS-MOTENV1_V4.3.2, FP-SNS-SMARTAG2_V1.2.0, I-CUBE-ITTIADB_V8.6.3-1, STM32Cube_FW_C0_V1.1.0, STM32Cube_FW_F4_V1.27.1, STM32Cube_FW_F7_V1.17.0, STM32Cube_FW_G0_V1.6.1, STM32Cube_FW_G4_V1.5.1, STM32Cube_FW_H5_V0.5.1, STM32Cube_FW_H5_V1.1.1, STM32Cube_FW_H7_V1.11.0, STM32Cube_FW_L0_V1.12.2, STM32Cube_FW_L5_V1.5.0, STM32Cube_FW_U5_V1.3.0, STM32Cube_FW_U5_V1.3.0RC4, STM32Cube_FW_WBA_V1.0.0RC1, STM32Cube_FW_WBA_V1.1.0RC1, STM32Cube_FW_WBA_V1.1.1, STM32Cube_FW_WB_V1.15.0RC1, STM32Cube_FW_WB_V1.16.0, STM32Cube_FW_WB_V1.16.0RC2, STM32Cube_FW_WB_V1.17.3, STM32Cube_FW_WL_V1.3.0, X-CUBE-ALGOBUILD_V1.3.0, X-CUBE-ALS_V1.0.1, X-CUBE-AZRTOS-F4_V1.1.0, X-CUBE-AZRTOS-F7_V1.1.0, X-CUBE-AZRTOS-G0_V1.1.0, X-CUBE-AZRTOS-G4_V2.0.0, X-CUBE-AZRTOS-H7_V3.1.0, X-CUBE-AZRTOS-L4_V1.0.0, X-CUBE-AZRTOS-L4_V2.0.0, X-CUBE-AZRTOS-L5_V1.1.0, X-CUBE-AZRTOS-WB_V2.0.0, X-CUBE-AZRTOS-WL_V2.0.0, X-CUBE-BLE1_V7.0.0, X-CUBE-BLE2_V3.3.0, X-CUBE-BLEMGR_V2.0.0, X-CUBE-EEPRMA1_V4.1.0, X-CUBE-FREERTOS_V1.1.0, X-CUBE-GNSS1_V6.0.0, X-CUBE-MEMS1_V10.0.0, X-CUBE-MEMS1_V9.1.0, X-CUBE-MEMS1_V9.4.0, X-CUBE-MEMS1_V9.6.0, X-CUBE-NFC4_V3.0.0, X-CUBE-NFC7_V1.0.1, X-CUBE-SFXS2LP1_V4.0.0, X-CUBE-SUBG2_V5.0.0, X-CUBE-TOF1_V3.3.1]
2023-11-18 14:48:50,321 [INFO] DbBoardsSqlite:226 - include board P-NUCLEO-WB55-NUCLEO as a kit item of type 'Nucleo-64'
2023-11-18 14:48:50,322 [INFO] DbBoardsSqlite:226 - include board P-NUCLEO-WB55-USBDONGLE as a kit item of type 'Nucleo USB Dongle'
2023-11-18 14:48:50,322 [INFO] DbBoardsSqlite:226 - include board STEVAL-IDP005V1 as a kit item of type 'Evaluation Board'
2023-11-18 14:48:50,322 [INFO] DbBoardsSqlite:226 - include board STEVAL-IDP005V2 as a kit item of type 'Evaluation Board'
2023-11-18 14:48:50,372 [INFO] ApiDb:240 - Found 323 in-development CPN: [B-G473E-ZEST1S, B-WB1M-WPAN1, B-WL5M-SUBG1, NUCLEO-C031C6, NUCLEO-H503RB, NUCLEO-H563ZI, NUCLEO-U545RE-Q, NUCLEO-U5A5ZJ-Q, NUCLEO-WBA52CG, STEVAL-PROTEUS1, STEVAL-SMARTAG2, STEVAL-STWINBX1, STM320518-EVAL, STM32C0116-DK, STM32C011D6Y3TR, STM32C011D6Y6TR, STM32C011F4P3, STM32C011F4P6, STM32C011F4U3, STM32C011F4U6TR, STM32C011F6P3, STM32C011F6P6, STM32C011F6U3, STM32C011F6U6TR, STM32C011J4M3, STM32C011J4M6, STM32C011J6M3, STM32C011J6M6, STM32C0316-DK, STM32C031C4T3, STM32C031C4T6, STM32C031C4U3, STM32C031C4U6, STM32C031C6T3, STM32C031C6T6, STM32C031C6U3, STM32C031C6U6, STM32C031F4P3, STM32C031F4P6, STM32C031F6P3, STM32C031F6P6, STM32C031G4U3, STM32C031G4U6, STM32C031G6U3, STM32C031G6U6, STM32C031K4T3, STM32C031K4T6, STM32C031K4U3, STM32C031K4U6, STM32C031K6T3, STM32C031K6T6, STM32C031K6U3, STM32C031K6U6, STM32G071K8TXN, STM32G071K8UXN, STM32G081GBU6N, STM32G081KBT6N, STM32G081KBUXN, STM32G0B1CCT6N, STM32G0B1KCT6, STM32G0B1NEY6TR, STM32G0B1RCT6N, STM32G0C1CCT6, STM32G0C1CCT6N, STM32G0C1CCU6N, STM32G0C1CET6N, STM32G0C1CEU6N, STM32G0C1KCT6, STM32G0C1NEY6TR, STM32G0C1RCI6N, STM32G0C1RCT6N, STM32G0C1REI6N, STM32G0C1RET6N, STM32G0C1VCI6, STM32G0C1VEI6, STM32G471CCT6, STM32G471CCU6, STM32G471CET3, STM32G471CET6, STM32G471CEU3, STM32G471CEU6, STM32G471MCT6, STM32G471MET3, STM32G471MET6, STM32G471MEY6TR, STM32G471QCT6, STM32G471QET3, STM32G471RCT6, STM32G471RET3, STM32G471RET6, STM32G471VCH6, STM32G471VCI6, STM32G471VCT6, STM32G471VEH3, STM32G471VEH6, STM32G471VEI3, STM32G471VEI6, STM32G471VET3, STM32G471VET6, STM32G474CCT6, STM32H503CBT6, STM32H503CBU6, STM32H503EBY6TR, STM32H503KBU6, STM32H503RBT6, STM32H562AGI6, STM32H562AII6, STM32H562IGK6, STM32H562IGT6, STM32H562IIK6, STM32H562IIT6, STM32H562RGT6, STM32H562RGV6, STM32H562RIT6, STM32H562RIV6, STM32H562VGT6, STM32H562VIT6, STM32H562ZGT6, STM32H562ZIT6, STM32H563AGI6, STM32H563AII3Q, STM32H563AII6, STM32H563IGK6, STM32H563IGT6, STM32H563IIK3Q, STM32H563IIK6, STM32H563IIT3Q, STM32H563IIT6, STM32H563MIY3QTR, STM32H563RGT6, STM32H563RGV6, STM32H563RIT6, STM32H563RIV6, STM32H563VGT6, STM32H563VIT3Q, STM32H563VIT6, STM32H563ZGT6, STM32H563ZIT3Q, STM32H563ZIT6, STM32H573AII3Q, STM32H573AII6, STM32H573I-DK, STM32H573IIK3Q, STM32H573IIK6, STM32H573IIT3Q, STM32H573IIT6, STM32H573MIY3QTR, STM32H573RIT6, STM32H573RIV6, STM32H573VIT3Q, STM32H573VIT6, STM32H573ZIT3Q, STM32H573ZIT6, STM32L4R5QGI6STR, STM32MP131AAE3, STM32MP131AAF3, STM32MP131AAG3, STM32MP131CAE3, STM32MP131CAF3, STM32MP131CAG3, STM32MP131DAE7, STM32MP131DAF7, STM32MP131DAG7, STM32MP131FAE7, STM32MP131FAF7, STM32MP131FAG7, STM32MP133AAE3, STM32MP133AAF3, STM32MP133AAG3, STM32MP133CAE3, STM32MP133CAF3, STM32MP133CAG3, STM32MP133DAE7, STM32MP133DAF7, STM32MP133DAG7, STM32MP133FAE7, STM32MP133FAF7, STM32MP133FAG7, STM32MP135AAE3, STM32MP135AAF3, STM32MP135AAG3, STM32MP135CAE3, STM32MP135CAF3, STM32MP135CAG3, STM32MP135DAE7, STM32MP135DAF7, STM32MP135DAG7, STM32MP135F-DK, STM32MP135FAE7, STM32MP135FAF7, STM32MP135FAF7T, STM32MP135FAF7U, STM32MP135FAG7, STM32U535CBT6, STM32U535CBT6Q, STM32U535CBU6, STM32U535CBU6Q, STM32U535CCT6, STM32U535CCT6Q, STM32U535CCU6, STM32U535CCU6Q, STM32U535CET6, STM32U535CET6Q, STM32U535CEU6, STM32U535CEU6Q, STM32U535JEY6QTR, STM32U535NCY6QTR, STM32U535NEY6QTR, STM32U535RBI6, STM32U535RBI6Q, STM32U535RBT6, STM32U535RBT6Q, STM32U535RCI6, STM32U535RCI6Q, STM32U535RCT6, STM32U535RCT6Q, STM32U535REI6, STM32U535REI6Q, STM32U535RET6, STM32U535RET6Q, STM32U535VCI6, STM32U535VCI6Q, STM32U535VCT6, STM32U535VCT6Q, STM32U535VEI6, STM32U535VEI6Q, STM32U535VET6, STM32U535VET6Q, STM32U545CET6, STM32U545CET6Q, STM32U545CEU6, STM32U545CEU6Q, STM32U545JEY6QTR, STM32U545NEY6QTR, STM32U545REI6, STM32U545REI6Q, STM32U545RET6, STM32U545RET6Q, STM32U545VEI6, STM32U545VEI6Q, STM32U545VET6, STM32U545VET6Q, STM32U595AIH6, STM32U595AIH6Q, STM32U595AJH6, STM32U595AJH6Q, STM32U595QII6, STM32U595QII6Q, STM32U595QJI6, STM32U595QJI6Q, STM32U595RIT6, STM32U595RIT6Q, STM32U595RJT6, STM32U595RJT6Q, STM32U595VIT6, STM32U595VIT6Q, STM32U595VJT6, STM32U595VJT6Q, STM32U595ZIT6, STM32U595ZIT6Q, STM32U595ZIY6QTR, STM32U595ZJT6, STM32U595ZJT6Q, STM32U595ZJY6QTR, STM32U599BJY6QTR, STM32U599NIH6Q, STM32U599NJH6Q, STM32U599VIT6Q, STM32U599VJT6, STM32U599VJT6Q, STM32U599ZIT6Q, STM32U599ZIY6QTR, STM32U599ZJT6Q, STM32U599ZJY6QTR, STM32U5A5AJH6, STM32U5A5AJH6Q, STM32U5A5QJI6, STM32U5A5QJI6Q, STM32U5A5RJT6, STM32U5A5RJT6Q, STM32U5A5VJT6, STM32U5A5VJT6Q, STM32U5A5ZJT6, STM32U5A5ZJT6Q, STM32U5A5ZJY6QTR, STM32U5A9BJY6QTR, STM32U5A9J-DK, STM32U5A9NJH6Q, STM32U5A9VJT6Q, STM32U5A9ZJT6Q, STM32U5A9ZJY6QTR, STM32U5F7VIT6, STM32U5F7VIT6Q, STM32U5F7VJT6, STM32U5F7VJT6Q, STM32U5F9BJY6QTR, STM32U5F9NJH6Q, STM32U5F9VIT6Q, STM32U5F9VJT6Q, STM32U5F9ZIJ6QTR, STM32U5F9ZIT6Q, STM32U5F9ZJJ6QTR, STM32U5F9ZJT6Q, STM32U5G7VJT6, STM32U5G7VJT6Q, STM32U5G9BJY6QTR, STM32U5G9J-DK1, STM32U5G9J-DK2, STM32U5G9NJH6Q, STM32U5G9VJT6Q, STM32U5G9ZJJ6QTR, STM32U5G9ZJT6Q, STM32WB1MMCH6, STM32WBA52CEU6, STM32WBA52CEU6T, STM32WBA52CGU6, STM32WBA52CGU6T, STM32WBA52KEU6, STM32WBA52KEU6T, STM32WBA52KGU6, STM32WBA52KGU6T, STM32WL5MOCH6, STM32WL5MOCH6TR]
2023-11-18 14:48:50,470 [INFO] BoardInfo:880 - No configuration file found for board P-NUCLEO-WB55
2023-11-18 14:48:50,470 [INFO] DbBoards:157 - Kit is not supported: P-NUCLEO-WB55
2023-11-18 14:48:50,474 [INFO] BoardInfo:880 - No configuration file found for board STEVAL-BFA001V1B
2023-11-18 14:48:50,474 [INFO] DbBoards:157 - Kit is not supported: STEVAL-BFA001V1B
2023-11-18 14:48:50,475 [INFO] BoardInfo:880 - No configuration file found for board STEVAL-BFA001V2B
2023-11-18 14:48:50,475 [INFO] DbBoards:157 - Kit is not supported: STEVAL-BFA001V2B
2023-11-18 14:48:50,581 [INFO] DbBoards:161 - Found 190 boards, 187 are supported
2023-11-18 14:48:50,583 [INFO] ApiDb:668 - CubeFinder database Data Model version=2.1
2023-11-18 14:48:50,584 [INFO] ApiDb:669 - CubeFinder database Configuration version=3.0.37
2023-11-18 14:48:50,584 [INFO] ApiDb:670 - CubeFinder database generation date=2023-10-13 (1697197505)
2023-11-18 14:48:50,584 [INFO] ApiDb:671 - CubeFinder database FW Pack versions=[FP-ATR-ASTRA1_V2.0.0, FP-SNS-FLIGHT1_V5.0.1, FP-SNS-FLIGHT1_V5.0.2, FP-SNS-MOTENV1_V4.3.1, FP-SNS-MOTENV1_V4.3.2, FP-SNS-SMARTAG2_V1.2.0, I-CUBE-ITTIADB_V8.6.3-1, STM32Cube_FW_C0_V1.1.0, STM32Cube_FW_F4_V1.27.1, STM32Cube_FW_F7_V1.17.0, STM32Cube_FW_G0_V1.6.1, STM32Cube_FW_G4_V1.5.1, STM32Cube_FW_H5_V0.5.1, STM32Cube_FW_H5_V1.1.1, STM32Cube_FW_H7_V1.11.0, STM32Cube_FW_L0_V1.12.2, STM32Cube_FW_L5_V1.5.0, STM32Cube_FW_U5_V1.3.0, STM32Cube_FW_U5_V1.3.0RC4, STM32Cube_FW_WBA_V1.0.0RC1, STM32Cube_FW_WBA_V1.1.0RC1, STM32Cube_FW_WBA_V1.1.1, STM32Cube_FW_WB_V1.15.0RC1, STM32Cube_FW_WB_V1.16.0, STM32Cube_FW_WB_V1.16.0RC2, STM32Cube_FW_WB_V1.17.3, STM32Cube_FW_WL_V1.3.0, X-CUBE-ALGOBUILD_V1.3.0, X-CUBE-ALS_V1.0.1, X-CUBE-AZRTOS-F4_V1.1.0, X-CUBE-AZRTOS-F7_V1.1.0, X-CUBE-AZRTOS-G0_V1.1.0, X-CUBE-AZRTOS-G4_V2.0.0, X-CUBE-AZRTOS-H7_V3.1.0, X-CUBE-AZRTOS-L4_V1.0.0, X-CUBE-AZRTOS-L4_V2.0.0, X-CUBE-AZRTOS-L5_V1.1.0, X-CUBE-AZRTOS-WB_V2.0.0, X-CUBE-AZRTOS-WL_V2.0.0, X-CUBE-BLE1_V7.0.0, X-CUBE-BLE2_V3.3.0, X-CUBE-BLEMGR_V2.0.0, X-CUBE-EEPRMA1_V4.1.0, X-CUBE-FREERTOS_V1.1.0, X-CUBE-GNSS1_V6.0.0, X-CUBE-MEMS1_V10.0.0, X-CUBE-MEMS1_V9.1.0, X-CUBE-MEMS1_V9.4.0, X-CUBE-MEMS1_V9.6.0, X-CUBE-NFC4_V3.0.0, X-CUBE-NFC7_V1.0.1, X-CUBE-SFXS2LP1_V4.0.0, X-CUBE-SUBG2_V5.0.0, X-CUBE-TOF1_V3.3.1]
2023-11-18 14:48:52,539 [INFO] ApiDb:240 - Found 323 in-development CPN: [B-G473E-ZEST1S, B-WB1M-WPAN1, B-WL5M-SUBG1, NUCLEO-C031C6, NUCLEO-H503RB, NUCLEO-H563ZI, NUCLEO-U545RE-Q, NUCLEO-U5A5ZJ-Q, NUCLEO-WBA52CG, STEVAL-PROTEUS1, STEVAL-SMARTAG2, STEVAL-STWINBX1, STM320518-EVAL, STM32C0116-DK, STM32C011D6Y3TR, STM32C011D6Y6TR, STM32C011F4P3, STM32C011F4P6, STM32C011F4U3, STM32C011F4U6TR, STM32C011F6P3, STM32C011F6P6, STM32C011F6U3, STM32C011F6U6TR, STM32C011J4M3, STM32C011J4M6, STM32C011J6M3, STM32C011J6M6, STM32C0316-DK, STM32C031C4T3, STM32C031C4T6, STM32C031C4U3, STM32C031C4U6, STM32C031C6T3, STM32C031C6T6, STM32C031C6U3, STM32C031C6U6, STM32C031F4P3, STM32C031F4P6, STM32C031F6P3, STM32C031F6P6, STM32C031G4U3, STM32C031G4U6, STM32C031G6U3, STM32C031G6U6, STM32C031K4T3, STM32C031K4T6, STM32C031K4U3, STM32C031K4U6, STM32C031K6T3, STM32C031K6T6, STM32C031K6U3, STM32C031K6U6, STM32G071K8TXN, STM32G071K8UXN, STM32G081GBU6N, STM32G081KBT6N, STM32G081KBUXN, STM32G0B1CCT6N, STM32G0B1KCT6, STM32G0B1NEY6TR, STM32G0B1RCT6N, STM32G0C1CCT6, STM32G0C1CCT6N, STM32G0C1CCU6N, STM32G0C1CET6N, STM32G0C1CEU6N, STM32G0C1KCT6, STM32G0C1NEY6TR, STM32G0C1RCI6N, STM32G0C1RCT6N, STM32G0C1REI6N, STM32G0C1RET6N, STM32G0C1VCI6, STM32G0C1VEI6, STM32G471CCT6, STM32G471CCU6, STM32G471CET3, STM32G471CET6, STM32G471CEU3, STM32G471CEU6, STM32G471MCT6, STM32G471MET3, STM32G471MET6, STM32G471MEY6TR, STM32G471QCT6, STM32G471QET3, STM32G471RCT6, STM32G471RET3, STM32G471RET6, STM32G471VCH6, STM32G471VCI6, STM32G471VCT6, STM32G471VEH3, STM32G471VEH6, STM32G471VEI3, STM32G471VEI6, STM32G471VET3, STM32G471VET6, STM32G474CCT6, STM32H503CBT6, STM32H503CBU6, STM32H503EBY6TR, STM32H503KBU6, STM32H503RBT6, STM32H562AGI6, STM32H562AII6, STM32H562IGK6, STM32H562IGT6, STM32H562IIK6, STM32H562IIT6, STM32H562RGT6, STM32H562RGV6, STM32H562RIT6, STM32H562RIV6, STM32H562VGT6, STM32H562VIT6, STM32H562ZGT6, STM32H562ZIT6, STM32H563AGI6, STM32H563AII3Q, STM32H563AII6, STM32H563IGK6, STM32H563IGT6, STM32H563IIK3Q, STM32H563IIK6, STM32H563IIT3Q, STM32H563IIT6, STM32H563MIY3QTR, STM32H563RGT6, STM32H563RGV6, STM32H563RIT6, STM32H563RIV6, STM32H563VGT6, STM32H563VIT3Q, STM32H563VIT6, STM32H563ZGT6, STM32H563ZIT3Q, STM32H563ZIT6, STM32H573AII3Q, STM32H573AII6, STM32H573I-DK, STM32H573IIK3Q, STM32H573IIK6, STM32H573IIT3Q, STM32H573IIT6, STM32H573MIY3QTR, STM32H573RIT6, STM32H573RIV6, STM32H573VIT3Q, STM32H573VIT6, STM32H573ZIT3Q, STM32H573ZIT6, STM32L4R5QGI6STR, STM32MP131AAE3, STM32MP131AAF3, STM32MP131AAG3, STM32MP131CAE3, STM32MP131CAF3, STM32MP131CAG3, STM32MP131DAE7, STM32MP131DAF7, STM32MP131DAG7, STM32MP131FAE7, STM32MP131FAF7, STM32MP131FAG7, STM32MP133AAE3, STM32MP133AAF3, STM32MP133AAG3, STM32MP133CAE3, STM32MP133CAF3, STM32MP133CAG3, STM32MP133DAE7, STM32MP133DAF7, STM32MP133DAG7, STM32MP133FAE7, STM32MP133FAF7, STM32MP133FAG7, STM32MP135AAE3, STM32MP135AAF3, STM32MP135AAG3, STM32MP135CAE3, STM32MP135CAF3, STM32MP135CAG3, STM32MP135DAE7, STM32MP135DAF7, STM32MP135DAG7, STM32MP135F-DK, STM32MP135FAE7, STM32MP135FAF7, STM32MP135FAF7T, STM32MP135FAF7U, STM32MP135FAG7, STM32U535CBT6, STM32U535CBT6Q, STM32U535CBU6, STM32U535CBU6Q, STM32U535CCT6, STM32U535CCT6Q, STM32U535CCU6, STM32U535CCU6Q, STM32U535CET6, STM32U535CET6Q, STM32U535CEU6, STM32U535CEU6Q, STM32U535JEY6QTR, STM32U535NCY6QTR, STM32U535NEY6QTR, STM32U535RBI6, STM32U535RBI6Q, STM32U535RBT6, STM32U535RBT6Q, STM32U535RCI6, STM32U535RCI6Q, STM32U535RCT6, STM32U535RCT6Q, STM32U535REI6, STM32U535REI6Q, STM32U535RET6, STM32U535RET6Q, STM32U535VCI6, STM32U535VCI6Q, STM32U535VCT6, STM32U535VCT6Q, STM32U535VEI6, STM32U535VEI6Q, STM32U535VET6, STM32U535VET6Q, STM32U545CET6, STM32U545CET6Q, STM32U545CEU6, STM32U545CEU6Q, STM32U545JEY6QTR, STM32U545NEY6QTR, STM32U545REI6, STM32U545REI6Q, STM32U545RET6, STM32U545RET6Q, STM32U545VEI6, STM32U545VEI6Q, STM32U545VET6, STM32U545VET6Q, STM32U595AIH6, STM32U595AIH6Q, STM32U595AJH6, STM32U595AJH6Q, STM32U595QII6, STM32U595QII6Q, STM32U595QJI6, STM32U595QJI6Q, STM32U595RIT6, STM32U595RIT6Q, STM32U595RJT6, STM32U595RJT6Q, STM32U595VIT6, STM32U595VIT6Q, STM32U595VJT6, STM32U595VJT6Q, STM32U595ZIT6, STM32U595ZIT6Q, STM32U595ZIY6QTR, STM32U595ZJT6, STM32U595ZJT6Q, STM32U595ZJY6QTR, STM32U599BJY6QTR, STM32U599NIH6Q, STM32U599NJH6Q, STM32U599VIT6Q, STM32U599VJT6, STM32U599VJT6Q, STM32U599ZIT6Q, STM32U599ZIY6QTR, STM32U599ZJT6Q, STM32U599ZJY6QTR, STM32U5A5AJH6, STM32U5A5AJH6Q, STM32U5A5QJI6, STM32U5A5QJI6Q, STM32U5A5RJT6, STM32U5A5RJT6Q, STM32U5A5VJT6, STM32U5A5VJT6Q, STM32U5A5ZJT6, STM32U5A5ZJT6Q, STM32U5A5ZJY6QTR, STM32U5A9BJY6QTR, STM32U5A9J-DK, STM32U5A9NJH6Q, STM32U5A9VJT6Q, STM32U5A9ZJT6Q, STM32U5A9ZJY6QTR, STM32U5F7VIT6, STM32U5F7VIT6Q, STM32U5F7VJT6, STM32U5F7VJT6Q, STM32U5F9BJY6QTR, STM32U5F9NJH6Q, STM32U5F9VIT6Q, STM32U5F9VJT6Q, STM32U5F9ZIJ6QTR, STM32U5F9ZIT6Q, STM32U5F9ZJJ6QTR, STM32U5F9ZJT6Q, STM32U5G7VJT6, STM32U5G7VJT6Q, STM32U5G9BJY6QTR, STM32U5G9J-DK1, STM32U5G9J-DK2, STM32U5G9NJH6Q, STM32U5G9VJT6Q, STM32U5G9ZJJ6QTR, STM32U5G9ZJT6Q, STM32WB1MMCH6, STM32WBA52CEU6, STM32WBA52CEU6T, STM32WBA52CGU6, STM32WBA52CGU6T, STM32WBA52KEU6, STM32WBA52KEU6T, STM32WBA52KGU6, STM32WBA52KGU6T, STM32WL5MOCH6, STM32WL5MOCH6TR]
2023-11-18 14:48:52,545 [INFO] DbMcus:217 - Found 3848 MCUs, 3848 are supported
2023-11-18 14:48:52,545 [INFO] ApiDb:423 - Load user favorites file C:\Users\vladi/.stm32cubeide/favorites.mcus.txt: 0 item(s)
2023-11-18 14:48:52,545 [INFO] ApiDb:427 - User favorites MCUs=[]
2023-11-18 14:48:52,546 [INFO] DbMcus:223 - Set 0 / 0 favorites MCUs
2023-11-18 14:48:52,716 [INFO] ApiDb:414 - User favorites file not found: C:\Users\vladi/.stm32cubeide/favorites.boards.txt
2023-11-18 14:48:52,717 [INFO] DbBoards:190 - Set 0 / 0 favorites Boards
2023-11-18 14:48:52,717 [INFO] McuFinderGlobals:76 - Set McuFinderConnectedMode to true
2023-11-18 14:48:52,722 [INFO] MultiScanPanel:200 - Auto-refresh data requested => check proxy status ongoing
2023-11-18 14:48:52,725 [INFO] FinderPluginLoader:95 - Searching for filters in installed packs
2023-11-18 14:48:54,019 [INFO] LoadUrlFilesThread:185 - End of LoadServerUrlFiles without Thread
2023-11-18 14:48:54,029 [INFO] DetailPanel:341 - Set advertising image to C:/Users/vladi/STM32Cube/Repository/\en.prom-stm32h5-mcu-finder.jpg
2023-11-18 14:49:03,601 [ERROR] LogOutputStream:75 - [STDERR_REDIRECT] SLF4J: Failed to load class "org.slf4j.impl.StaticLoggerBinder".
2023-11-18 14:49:03,603 [ERROR] LogOutputStream:75 - [STDERR_REDIRECT] SLF4J: Defaulting to no-operation (NOP) logger implementation
2023-11-18 14:49:03,604 [ERROR] LogOutputStream:75 - [STDERR_REDIRECT] SLF4J: See http://www.slf4j.org/codes.html#StaticLoggerBinder for further details.
2023-11-18 14:50:11,333 [INFO] MainUpdater:2868 - connection check result : 10
2023-11-18 14:50:11,335 [INFO] MainUpdater:2868 - connection check result : 10
2023-11-18 14:50:11,357 [INFO] MicroXplorer:468 - Change Database Path : 
2023-11-18 14:50:11,358 [INFO] MicroXplorer:498 - Change Database Version : DB.6.0.92
2023-11-18 14:50:11,361 [WARN] ThirdParty:871 - waiting for thirdparty lock release [close project]
2023-11-18 14:50:11,361 [INFO] ThirdParty:873 - entering critical section [close project]
2023-11-18 14:50:11,362 [INFO] ThirdParty:883 - exiting critical section [close project]
2023-11-18 14:50:11,363 [INFO] PinOutPanel:1499 - setPackage(No Configuration,No Configuration)
2023-11-18 14:50:11,371 [INFO] UtilMem:75 - Begin LoadConfig() Used Memory: 710287800 Bytes (880803840)
2023-11-18 14:50:11,372 [INFO] MicroXplorer:468 - Change Database Path : 
2023-11-18 14:50:11,372 [INFO] MicroXplorer:498 - Change Database Version : DB.6.0.92
2023-11-18 14:50:11,372 [INFO] OpenFileManager:308 - Change cursor
2023-11-18 14:50:11,403 [INFO] Mcu:1946 - Initializing MCU STM32F103C6Tx STM32F103C6Tx STM32F103C6T6A
2023-11-18 14:50:12,224 [INFO] Context:659 - Trying to add GPIOservice into a context  which must be forbidden
2023-11-18 14:50:12,434 [INFO] ImportTextPane:194 - (OptionalMessage_ERROR) Unable to find key (Mcu.ThirdPartyNb) in loaded IOC file
2023-11-18 14:50:12,434 [INFO] ImportTextPane:194 - (OptionalMessage_ERROR) Unable to find key (Mcu.PinsNb) in loaded IOC file
2023-11-18 14:50:12,434 [INFO] ImportTextPane:194 - (OptionalMessage_ERROR) Unable to find key (Mcu.IPNb) in loaded IOC file
2023-11-18 14:50:12,498 [INFO] RtosManager:555 - Registered RTOS mode: class=CMSIS, group=RTOS, mode=CMSIS_V1, owner=FREERTOS
2023-11-18 14:50:12,498 [INFO] RtosManager:555 - Registered RTOS mode: class=CMSIS, group=RTOS2, mode=CMSIS_V2, owner=FREERTOS
2023-11-18 14:50:12,498 [INFO] RtosManager:555 - Registered RTOS mode: class=RTOS, group=Core, mode=CMSIS_V1, owner=FREERTOS
2023-11-18 14:50:12,498 [INFO] RtosManager:555 - Registered RTOS mode: class=RTOS, group=Core, mode=CMSIS_V2, owner=FREERTOS
2023-11-18 14:50:12,499 [WARN] ModelIntegratedComponent:184 - Missing modes for component STMicroelectronics:FreeRTOS:0.0.1:STMicroelectronics:RTOS:FreeRTOS:Core:::10.2.0:
2023-11-18 14:50:12,522 [WARN] ModelIntegratedComponent:63 - No mode defined for component null
2023-11-18 14:50:12,523 [WARN] ModelIntegratedComponent:63 - No mode defined for component null
2023-11-18 14:50:12,523 [WARN] ModelIntegratedComponent:63 - No mode defined for component null
2023-11-18 14:50:12,523 [WARN] ModelIntegratedComponent:63 - No mode defined for component null
2023-11-18 14:50:12,523 [WARN] ModelIntegratedComponent:63 - No mode defined for component null
2023-11-18 14:50:12,523 [WARN] ModelIntegratedComponent:63 - No mode defined for component null
2023-11-18 14:50:12,523 [WARN] ModelIntegratedComponent:63 - No mode defined for component null
2023-11-18 14:50:12,523 [WARN] ModelIntegratedComponent:63 - No mode defined for component null
2023-11-18 14:50:12,523 [WARN] ModelIntegratedComponent:63 - No mode defined for component null
2023-11-18 14:50:12,523 [WARN] ModelIntegratedComponent:63 - No mode defined for component null
2023-11-18 14:50:12,523 [WARN] ModelIntegratedComponent:63 - No mode defined for component null
2023-11-18 14:50:12,523 [WARN] ModelIntegratedComponent:63 - No mode defined for component null
2023-11-18 14:50:12,523 [WARN] ModelIntegratedComponent:63 - No mode defined for component null
2023-11-18 14:50:12,523 [WARN] ModelIntegratedComponent:63 - No mode defined for component null
2023-11-18 14:50:12,523 [WARN] ModelIntegratedComponent:63 - No mode defined for component null
2023-11-18 14:50:12,523 [WARN] ModelIntegratedComponent:63 - No mode defined for component null
2023-11-18 14:50:12,524 [WARN] ModelIntegratedComponent:63 - No mode defined for component null
2023-11-18 14:50:12,524 [WARN] ModelIntegratedComponent:63 - No mode defined for component null
2023-11-18 14:50:12,524 [WARN] ModelIntegratedComponent:63 - No mode defined for component null
2023-11-18 14:50:12,524 [WARN] ModelIntegratedComponent:63 - No mode defined for component null
2023-11-18 14:50:12,524 [WARN] ModelIntegratedComponent:63 - No mode defined for component null
2023-11-18 14:50:12,524 [WARN] ModelIntegratedComponent:63 - No mode defined for component null
2023-11-18 14:50:12,524 [WARN] ModelIntegratedComponent:63 - No mode defined for component null
2023-11-18 14:50:12,524 [WARN] ModelIntegratedComponent:63 - No mode defined for component null
2023-11-18 14:50:12,524 [WARN] ModelIntegratedComponent:63 - No mode defined for component null
2023-11-18 14:50:12,524 [WARN] ModelIntegratedComponent:63 - No mode defined for component null
2023-11-18 14:50:12,524 [WARN] ModelIntegratedComponent:63 - No mode defined for component null
2023-11-18 14:50:12,524 [WARN] ModelIntegratedComponent:63 - No mode defined for component null
2023-11-18 14:50:12,524 [WARN] ModelIntegratedComponent:63 - No mode defined for component null
2023-11-18 14:50:12,524 [WARN] ModelIntegratedComponent:63 - No mode defined for component null
2023-11-18 14:50:12,524 [WARN] ModelIntegratedComponent:63 - No mode defined for component null
2023-11-18 14:50:12,524 [WARN] ModelIntegratedComponent:63 - No mode defined for component null
2023-11-18 14:50:12,524 [WARN] ModelIntegratedComponent:63 - No mode defined for component null
2023-11-18 14:50:12,691 [INFO] ThirdPartyModel:298 - Start build external matchings
2023-11-18 14:50:12,966 [INFO] ThirdPartyModel:316 - End build external matchings
2023-11-18 14:50:13,189 [INFO] UtilMem:75 - End LoadConfig() Used Memory: 676486624 Bytes (1073741824)
2023-11-18 14:50:13,245 [WARN] ThirdParty:833 - waiting for thirdparty lock release [change project]
2023-11-18 14:50:13,245 [INFO] ThirdParty:835 - entering critical section [change project]
2023-11-18 14:50:13,245 [INFO] ThirdParty:1030 - CMSIS Pack Vendor :STMicroelectronics X-CUBE-ISPU 1.1.0
2023-11-18 14:50:13,245 [INFO] ThirdParty:1030 - CMSIS Pack Vendor :STMicroelectronics USBPD 4.1
2023-11-18 14:50:13,246 [INFO] ThirdParty:1030 - CMSIS Pack Vendor :STMicroelectronics X-CUBE-GNSS1 6.0.0
2023-11-18 14:50:13,246 [INFO] ThirdParty:1030 - CMSIS Pack Vendor :STMicroelectronics USB_HOST 2.0.0
2023-11-18 14:50:13,246 [INFO] ThirdParty:1030 - CMSIS Pack Vendor :STMicroelectronics X-CUBE-AZRTOS-F4 1.1.0
2023-11-18 14:50:13,246 [INFO] ThirdParty:1030 - CMSIS Pack Vendor :STMicroelectronics LIBJPEG 8.0.0
2023-11-18 14:50:13,246 [INFO] ThirdParty:1030 - CMSIS Pack Vendor :wolfSSL I-CUBE-wolfSSL 5.6.4
2023-11-18 14:50:13,246 [INFO] ThirdParty:1030 - CMSIS Pack Vendor :STMicroelectronics X-CUBE-SMBUS 2.1.0
2023-11-18 14:50:13,246 [INFO] ThirdParty:1030 - CMSIS Pack Vendor :STMicroelectronics USB_DEVICE 3.0.0
2023-11-18 14:50:13,247 [INFO] ThirdParty:1030 - CMSIS Pack Vendor :STMicroelectronics X-CUBE-AZRTOS-WB 2.0.0
2023-11-18 14:50:13,248 [INFO] ThirdParty:1030 - CMSIS Pack Vendor :STMicroelectronics X-CUBE-AZRTOS-F7 1.1.0
2023-11-18 14:50:13,248 [INFO] ThirdParty:1030 - CMSIS Pack Vendor :STMicroelectronics X-CUBE-AZRTOS-L5 2.0.0
2023-11-18 14:50:13,248 [INFO] ThirdParty:1030 - CMSIS Pack Vendor :STMicroelectronics USB_DEVICE 2.0.0
2023-11-18 14:50:13,248 [INFO] ThirdParty:1030 - CMSIS Pack Vendor :STMicroelectronics X-CUBE-EEPRMA1 4.2.0
2023-11-18 14:50:13,248 [INFO] ThirdParty:1030 - CMSIS Pack Vendor :ITTIA_DB I-CUBE-ITTIADB 8.8.0
2023-11-18 14:50:13,248 [INFO] ThirdParty:1030 - CMSIS Pack Vendor :STMicroelectronics FP-SNS-MOTENV1 4.3.2
2023-11-18 14:50:13,249 [INFO] ThirdParty:1030 - CMSIS Pack Vendor :STMicroelectronics X-CUBE-ALGOBUILD 1.3.0
2023-11-18 14:50:13,249 [INFO] ThirdParty:1030 - CMSIS Pack Vendor :STMicroelectronics FreeRTOS 0.0.1
2023-11-18 14:50:13,249 [INFO] ThirdParty:1030 - CMSIS Pack Vendor :STMicroelectronics X-CUBE-AZRTOS-G0 1.1.0
2023-11-18 14:50:13,249 [INFO] ThirdParty:1030 - CMSIS Pack Vendor :STMicroelectronics X-CUBE-NFC4 3.0.0
2023-11-18 14:50:13,249 [INFO] ThirdParty:1030 - CMSIS Pack Vendor :STMicroelectronics X-CUBE-SUBG2 5.0.0
2023-11-18 14:50:13,249 [INFO] ThirdParty:1030 - CMSIS Pack Vendor :STMicroelectronics STM32_WPAN 1.0.0
2023-11-18 14:50:13,249 [INFO] ThirdParty:1030 - CMSIS Pack Vendor :STMicroelectronics lwIP 2.0.3
2023-11-18 14:50:13,250 [INFO] ThirdParty:1030 - CMSIS Pack Vendor :STMicroelectronics FP-SNS-FLIGHT1 5.0.2
2023-11-18 14:50:13,251 [INFO] ThirdParty:1030 - CMSIS Pack Vendor :STMicroelectronics USB_HOST 1.0.0
2023-11-18 14:50:13,251 [INFO] ThirdParty:1030 - CMSIS Pack Vendor :STMicroelectronics X-CUBE-TOF1 3.3.1
2023-11-18 14:50:13,251 [INFO] ThirdParty:1030 - CMSIS Pack Vendor :STMicroelectronics X-CUBE-AZRTOS-G4 2.0.0
2023-11-18 14:50:13,251 [INFO] ThirdParty:1030 - CMSIS Pack Vendor :STMicroelectronics PDM2PCM 3.1.0
2023-11-18 14:50:13,251 [INFO] ThirdParty:1030 - CMSIS Pack Vendor :STMicroelectronics X-CUBE-AZRTOS-H7 3.1.0
2023-11-18 14:50:13,251 [INFO] ThirdParty:1030 - CMSIS Pack Vendor :Infineon AIROC-Wi-Fi-Bluetooth-STM32 1.5.1
2023-11-18 14:50:13,251 [INFO] ThirdParty:1030 - CMSIS Pack Vendor :STMicroelectronics X-CUBE-BLEMGR 3.0.0
2023-11-18 14:50:13,252 [INFO] ThirdParty:1030 - CMSIS Pack Vendor :STMicroelectronics PDM2PCM 3.3.0
2023-11-18 14:50:13,252 [INFO] ThirdParty:1030 - CMSIS Pack Vendor :STMicroelectronics X-CUBE-DISPLAY 3.0.0
2023-11-18 14:50:13,252 [INFO] ThirdParty:1030 - CMSIS Pack Vendor :STMicroelectronics FP-SNS-MOTENVWB1 1.3.0
2023-11-18 14:50:13,252 [INFO] ThirdParty:1030 - CMSIS Pack Vendor :STMicroelectronics X-CUBE-BLE1 7.0.0
2023-11-18 14:50:13,252 [INFO] ThirdParty:1030 - CMSIS Pack Vendor :STMicroelectronics FP-ATR-SIGFOX1 3.2.0
2023-11-18 14:50:13,252 [INFO] ThirdParty:1030 - CMSIS Pack Vendor :STMicroelectronics HAL Drivers 0.0.0
2023-11-18 14:50:13,252 [INFO] ThirdParty:1030 - CMSIS Pack Vendor :STMicroelectronics MBEDTLS 2.16.2
2023-11-18 14:50:13,252 [INFO] ThirdParty:1030 - CMSIS Pack Vendor :emotas I-CUBE-CANOPEN 1.3.0
2023-11-18 14:50:13,252 [INFO] ThirdParty:1030 - CMSIS Pack Vendor :STMicroelectronics X-CUBE-MEMS1 10.0.0
2023-11-18 14:50:13,252 [INFO] ThirdParty:1030 - CMSIS Pack Vendor :STMicroelectronics X-CUBE-FREERTOS 1.1.0
2023-11-18 14:50:13,253 [INFO] ThirdParty:1030 - CMSIS Pack Vendor :STMicroelectronics X-CUBE-NFC7 1.0.1
2023-11-18 14:50:13,253 [INFO] ThirdParty:1030 - CMSIS Pack Vendor :STMicroelectronics MBEDTLS 2.14.1
2023-11-18 14:50:13,253 [INFO] ThirdParty:1030 - CMSIS Pack Vendor :STMicroelectronics X-CUBE-TOUCHGFX 4.22.1
2023-11-18 14:50:13,253 [INFO] ThirdParty:1030 - CMSIS Pack Vendor :STMicroelectronics X-CUBE-NFC6 3.0.0
2023-11-18 14:50:13,254 [INFO] ThirdParty:1030 - CMSIS Pack Vendor :portGmbH I-Cube-SoM-uGOAL 1.1.0
2023-11-18 14:50:13,254 [INFO] ThirdParty:1030 - CMSIS Pack Vendor :STMicroelectronics X-CUBE-ALS 1.0.1
2023-11-18 14:50:13,254 [INFO] ThirdParty:1030 - CMSIS Pack Vendor :STMicroelectronics ThreadX 1.0.0
2023-11-18 14:50:13,254 [INFO] ThirdParty:1030 - CMSIS Pack Vendor :STMicroelectronics FP-SNS-SMARTAG2 1.2.0
2023-11-18 14:50:13,254 [INFO] ThirdParty:1030 - CMSIS Pack Vendor :STMicroelectronics X-CUBE-AZRTOS-WL 2.0.0
2023-11-18 14:50:13,254 [INFO] ThirdParty:1030 - CMSIS Pack Vendor :STMicroelectronics USB_DEVICE 1.0.0
2023-11-18 14:50:13,254 [INFO] ThirdParty:1030 - CMSIS Pack Vendor :STMicroelectronics X-CUBE-AI 8.1.0
2023-11-18 14:50:13,254 [INFO] ThirdParty:1030 - CMSIS Pack Vendor :STMicroelectronics X-CUBE-AZRTOS-L4 2.0.0
2023-11-18 14:50:13,254 [INFO] ThirdParty:1030 - CMSIS Pack Vendor :STMicroelectronics ThreadX 0.0.2
2023-11-18 14:50:13,254 [INFO] ThirdParty:1030 - CMSIS Pack Vendor :WES I-CUBE-Cesium 1.3.0
2023-11-18 14:50:13,255 [INFO] ThirdParty:1030 - CMSIS Pack Vendor :STMicroelectronics FP-ATR-ASTRA1 2.0.0
2023-11-18 14:50:13,255 [INFO] ThirdParty:1030 - CMSIS Pack Vendor :STMicroelectronics lwIP 2.1.2
2023-11-18 14:50:13,255 [INFO] ThirdParty:1030 - CMSIS Pack Vendor :STMicroelectronics X-CUBE-SFXS2LP1 4.0.0
2023-11-18 14:50:13,255 [INFO] ThirdParty:1030 - CMSIS Pack Vendor :STMicroelectronics X-CUBE-BLE2 3.3.0
2023-11-18 14:50:13,260 [INFO] ThirdParty:1030 - CMSIS Pack Vendor :STMicroelectronics PDM2PCM 3.2.0
2023-11-18 14:50:13,261 [INFO] ThirdParty:841 - exiting critical section [change project]
2023-11-18 14:50:13,542 [INFO] PinOutPanel:1499 - setPackage(No Configuration,No Configuration)
2023-11-18 14:50:13,543 [INFO] PinOutPanel:1499 - setPackage(STM32F103C6Tx,LQFP48)
2023-11-18 14:50:14,020 [INFO] UtilMem:75 - Before build in PCC Used Memory: 472263696 Bytes (1073741824)
2023-11-18 14:50:14,728 [INFO] UtilMem:75 - After build in PCC Used Memory: 544615440 Bytes (1073741824)
2023-11-18 14:50:14,759 [INFO] IPUIPlugin:80 - create IPUIPlugin
2023-11-18 14:50:14,760 [INFO] IPUIPlugin:80 - create IPUIPlugin
2023-11-18 14:50:14,760 [INFO] IPUIPlugin:80 - create IPUIPlugin
2023-11-18 14:50:14,760 [INFO] IPUIPlugin:80 - create IPUIPlugin
2023-11-18 14:50:14,760 [INFO] IPUIPlugin:80 - create IPUIPlugin
2023-11-18 14:50:14,760 [INFO] IPUIPlugin:80 - create IPUIPlugin
2023-11-18 14:50:14,760 [INFO] IPUIPlugin:80 - create IPUIPlugin
2023-11-18 14:50:14,761 [INFO] IPUIPlugin:80 - create IPUIPlugin
2023-11-18 14:50:14,761 [INFO] IPUIPlugin:80 - create IPUIPlugin
2023-11-18 14:50:14,761 [INFO] IPUIPlugin:80 - create IPUIPlugin
2023-11-18 14:50:14,761 [INFO] IPUIPlugin:80 - create IPUIPlugin
2023-11-18 14:50:14,762 [INFO] IPUIPlugin:80 - create IPUIPlugin
2023-11-18 14:50:14,762 [INFO] IPUIPlugin:80 - create IPUIPlugin
2023-11-18 14:50:14,762 [INFO] IPUIPlugin:80 - create IPUIPlugin
2023-11-18 14:50:14,763 [INFO] IPUIPlugin:80 - create IPUIPlugin
2023-11-18 14:50:14,763 [INFO] IPUIPlugin:80 - create IPUIPlugin
2023-11-18 14:50:14,765 [INFO] IPUIPlugin:80 - create IPUIPlugin
2023-11-18 14:50:14,765 [INFO] IPUIPlugin:80 - create IPUIPlugin
2023-11-18 14:50:14,765 [INFO] IPUIPlugin:80 - create IPUIPlugin
2023-11-18 14:50:14,766 [INFO] IPUIPlugin:80 - create IPUIPlugin
2023-11-18 14:50:14,766 [INFO] IPUIPlugin:80 - create IPUIPlugin
2023-11-18 14:50:14,766 [INFO] IPUIPlugin:80 - create IPUIPlugin
2023-11-18 14:50:14,767 [INFO] IPUIPlugin:80 - create IPUIPlugin
2023-11-18 14:50:14,939 [INFO] CADModel:165 - CPN selected for project levelSTM32F103C6T6A
2023-11-18 14:50:14,939 [INFO] CADModel:114 - Register for checkConnection events
2023-11-18 14:50:14,998 [INFO] OpenFileManager:328 - Restore cursor
2023-11-18 14:50:15,742 [INFO] UtilMem:75 - End SaveConfig() Used Memory: 615396368 Bytes (1073741824)
2023-11-18 14:50:15,810 [INFO] UtilMem:75 - End SaveConfig() Used Memory: 625888296 Bytes (1073741824)
2023-11-18 14:50:16,285 [INFO] BlockDiagram:2759 - set Specific Code input for plugin: NVIC
2023-11-18 14:50:16,285 [INFO] BlockDiagram:2759 - set Specific Code input for plugin: RCC
2023-11-18 14:50:16,287 [INFO] CodeGenerator:799 - code generatio: config db path: E:\Proteus\STM32CubeIDE_1.13.2\STM32CubeIDE\plugins\com.st.stm32cube.common.mx_6.9.2.202309101412\\db\
2023-11-18 14:50:16,547 [INFO] CodeEngine:255 - oldGeneratedFile, E:\Proteus\DomaciMIPS\Domaci\MXTmpFiles\license.tmp_save
2023-11-18 14:50:16,886 [INFO] CodeEngine:279 - Generated code: E:\Proteus\DomaciMIPS\Domaci\MXTmpFiles\license.tmp
2023-11-18 14:50:16,898 [INFO] CodeEngine:255 - oldGeneratedFile, E:\Proteus\DomaciMIPS\Domaci\Core\Src\stm32f1xx_it.c_save
2023-11-18 14:50:17,080 [INFO] CodeEngine:279 - Generated code: E:\Proteus\DomaciMIPS\Domaci\Core\Src\stm32f1xx_it.c
2023-11-18 14:50:17,084 [INFO] CodeEngine:255 - oldGeneratedFile, E:\Proteus\DomaciMIPS\Domaci\Core\Inc\stm32f1xx_it.h_save
2023-11-18 14:50:17,191 [INFO] CodeEngine:279 - Generated code: E:\Proteus\DomaciMIPS\Domaci\Core\Inc\stm32f1xx_it.h
2023-11-18 14:50:17,281 [INFO] CodeEngine:255 - oldGeneratedFile, E:\Proteus\DomaciMIPS\Domaci\Core\Src\stm32f1xx_hal_msp.c_save
2023-11-18 14:50:17,460 [INFO] CodeEngine:279 - Generated code: E:\Proteus\DomaciMIPS\Domaci\Core\Src\stm32f1xx_hal_msp.c
2023-11-18 14:50:17,464 [INFO] CodeEngine:255 - oldGeneratedFile, E:\Proteus\DomaciMIPS\Domaci\MXTmpFiles\system.tmp_save
2023-11-18 14:50:17,557 [INFO] CodeEngine:279 - Generated code: E:\Proteus\DomaciMIPS\Domaci\MXTmpFiles\system.tmp
2023-11-18 14:50:17,565 [INFO] CodeEngine:311 - oldGeneratedFile, E:\Proteus\DomaciMIPS\Domaci\Core\Inc\stm32f1xx_hal_conf.h_save
2023-11-18 14:50:17,704 [INFO] CodeEngine:335 - Generated code: E:\Proteus\DomaciMIPS\Domaci\Core\Inc\stm32f1xx_hal_conf.h
2023-11-18 14:50:17,750 [INFO] CodeEngine:255 - oldGeneratedFile, E:\Proteus\DomaciMIPS\Domaci\Core\Inc\main.h_save
2023-11-18 14:50:17,899 [INFO] CodeEngine:279 - Generated code: E:\Proteus\DomaciMIPS\Domaci\Core\Inc\main.h
2023-11-18 14:50:17,903 [INFO] CodeEngine:255 - oldGeneratedFile, E:\Proteus\DomaciMIPS\Domaci\Core\Src\main.c_save
2023-11-18 14:50:18,065 [INFO] CodeEngine:279 - Generated code: E:\Proteus\DomaciMIPS\Domaci\Core\Src\main.c
2023-11-18 14:50:18,831 [INFO] ProjectBuilder:3064 - Time for Copy HAL[1] : 114mS.
2023-11-18 14:50:18,836 [INFO] ProjectBuilder:4404 - Project Generator version: 4.1.0
2023-11-18 14:50:19,026 [INFO] ConfigFileManager:1457 - The Die is : DIE412
2023-11-18 14:50:19,039 [INFO] ApiDbMcu:507 - Load IP Config File for FATFS
2023-11-18 14:50:19,139 [INFO] ApiDbMcu:507 - Load IP Config File for FREERTOS
2023-11-18 14:50:19,166 [INFO] ApiDbMcu:507 - Load IP Config File for USB_DEVICE
2023-11-18 14:50:19,968 [INFO] LogOutputStream:77 - [STDOUT_REDIRECT] 
2023-11-18 14:50:22,225 [INFO] ProjectBuilder:4626 - Time for Generating toolchain IDE Files: 3389mS.
2023-11-18 14:50:22,226 [INFO] ProjectBuilder:2935 - Time for Copy CMSIS : 1mS.
2023-11-18 14:50:22,228 [INFO] ProjectBuilder:2935 - Time for Copy CMSIS : 0mS.
2023-11-18 14:50:23,498 [INFO] McuFinderGlobals:76 - Set McuFinderConnectedMode to true
2023-11-18 14:50:23,501 [INFO] ApiDb:448 - Save user favorites file C:\Users\vladi/.stm32cubeide/favorites.mcus.txt: 0 item(s)
2023-11-18 14:50:23,502 [INFO] ApiDb:452 - User favorites MCUs=[]
2023-11-18 14:51:55,756 [INFO] UtilMem:75 - End SaveConfig() Used Memory: 652681984 Bytes (1073741824)
2023-11-18 14:51:59,020 [INFO] UtilMem:75 - End SaveConfig() Used Memory: 715596544 Bytes (1073741824)
2023-11-18 14:51:59,257 [INFO] BlockDiagram:2759 - set Specific Code input for plugin: NVIC
2023-11-18 14:51:59,257 [INFO] BlockDiagram:2759 - set Specific Code input for plugin: GPIO
2023-11-18 14:51:59,257 [INFO] BlockDiagram:2759 - set Specific Code input for plugin: RCC
2023-11-18 14:51:59,258 [INFO] CodeGenerator:799 - code generatio: config db path: E:\Proteus\STM32CubeIDE_1.13.2\STM32CubeIDE\plugins\com.st.stm32cube.common.mx_6.9.2.202309101412\\db\
2023-11-18 14:51:59,377 [INFO] CodeEngine:255 - oldGeneratedFile, E:\Proteus\DomaciMIPS\Domaci\MXTmpFiles\license.tmp_save
2023-11-18 14:51:59,491 [INFO] CodeEngine:279 - Generated code: E:\Proteus\DomaciMIPS\Domaci\MXTmpFiles\license.tmp
2023-11-18 14:51:59,527 [INFO] CodeEngine:255 - oldGeneratedFile, E:\Proteus\DomaciMIPS\Domaci\MXTmpFiles\gpio.tmp_save
2023-11-18 14:51:59,668 [INFO] CodeEngine:279 - Generated code: E:\Proteus\DomaciMIPS\Domaci\MXTmpFiles\gpio.tmp
2023-11-18 14:51:59,693 [INFO] CodeEngine:255 - oldGeneratedFile, E:\Proteus\DomaciMIPS\Domaci\Core\Src\stm32f1xx_it.c_save
2023-11-18 14:51:59,782 [INFO] CodeEngine:279 - Generated code: E:\Proteus\DomaciMIPS\Domaci\Core\Src\stm32f1xx_it.c
2023-11-18 14:51:59,787 [INFO] CodeEngine:255 - oldGeneratedFile, E:\Proteus\DomaciMIPS\Domaci\Core\Inc\stm32f1xx_it.h_save
2023-11-18 14:51:59,852 [INFO] CodeEngine:279 - Generated code: E:\Proteus\DomaciMIPS\Domaci\Core\Inc\stm32f1xx_it.h
2023-11-18 14:51:59,874 [INFO] CodeEngine:255 - oldGeneratedFile, E:\Proteus\DomaciMIPS\Domaci\Core\Src\stm32f1xx_hal_msp.c_save
2023-11-18 14:51:59,976 [INFO] CodeEngine:279 - Generated code: E:\Proteus\DomaciMIPS\Domaci\Core\Src\stm32f1xx_hal_msp.c
2023-11-18 14:51:59,979 [INFO] CodeEngine:255 - oldGeneratedFile, E:\Proteus\DomaciMIPS\Domaci\MXTmpFiles\system.tmp_save
2023-11-18 14:52:00,041 [INFO] CodeEngine:279 - Generated code: E:\Proteus\DomaciMIPS\Domaci\MXTmpFiles\system.tmp
2023-11-18 14:52:00,058 [INFO] CodeEngine:311 - oldGeneratedFile, E:\Proteus\DomaciMIPS\Domaci\Core\Inc\stm32f1xx_hal_conf.h_save
2023-11-18 14:52:00,175 [INFO] CodeEngine:335 - Generated code: E:\Proteus\DomaciMIPS\Domaci\Core\Inc\stm32f1xx_hal_conf.h
2023-11-18 14:52:00,229 [INFO] CodeEngine:255 - oldGeneratedFile, E:\Proteus\DomaciMIPS\Domaci\Core\Inc\main.h_save
2023-11-18 14:52:00,307 [INFO] CodeEngine:279 - Generated code: E:\Proteus\DomaciMIPS\Domaci\Core\Inc\main.h
2023-11-18 14:52:00,320 [INFO] CodeEngine:255 - oldGeneratedFile, E:\Proteus\DomaciMIPS\Domaci\Core\Src\main.c_save
2023-11-18 14:52:00,451 [INFO] CodeEngine:279 - Generated code: E:\Proteus\DomaciMIPS\Domaci\Core\Src\main.c
2023-11-18 14:52:01,081 [INFO] ProjectBuilder:3064 - Time for Copy HAL[1] : 125mS.
2023-11-18 14:52:01,084 [INFO] ProjectBuilder:4404 - Project Generator version: 4.1.0
2023-11-18 14:52:01,361 [INFO] ConfigFileManager:1457 - The Die is : DIE412
2023-11-18 14:52:02,730 [INFO] ProjectBuilder:4626 - Time for Generating toolchain IDE Files: 1645mS.
2023-11-18 14:52:02,730 [INFO] ProjectBuilder:2935 - Time for Copy CMSIS : 0mS.
2023-11-18 14:52:02,732 [INFO] ProjectBuilder:2935 - Time for Copy CMSIS : 0mS.
